c:\srcw32\vs2017\engq\libtheora-1.0beta3\win32\vs2005\libtheora\debug\libtheora.pdb
c:\srcw32\vs2017\engq\libtheora-1.0beta3\win32\vs2005\libtheora\debug\encoder_quant.obj
c:\srcw32\vs2017\engq\libtheora-1.0beta3\win32\vs2005\libtheora\debug\encoder_idct.obj
c:\srcw32\vs2017\engq\libtheora-1.0beta3\win32\vs2005\libtheora\debug\encoder_huffman.obj
c:\srcw32\vs2017\engq\libtheora-1.0beta3\win32\vs2005\libtheora\debug\encapiwrapper.obj
c:\srcw32\vs2017\engq\libtheora-1.0beta3\win32\vs2005\libtheora\debug\x86state.obj
c:\srcw32\vs2017\engq\libtheora-1.0beta3\win32\vs2005\libtheora\debug\mmxstate.obj
c:\srcw32\vs2017\engq\libtheora-1.0beta3\win32\vs2005\libtheora\debug\mmxloopfilter.obj
c:\srcw32\vs2017\engq\libtheora-1.0beta3\win32\vs2005\libtheora\debug\mmxidct.obj
c:\srcw32\vs2017\engq\libtheora-1.0beta3\win32\vs2005\libtheora\debug\mmxfrag.obj
c:\srcw32\vs2017\engq\libtheora-1.0beta3\win32\vs2005\libtheora\debug\state.obj
c:\srcw32\vs2017\engq\libtheora-1.0beta3\win32\vs2005\libtheora\debug\internal.obj
c:\srcw32\vs2017\engq\libtheora-1.0beta3\win32\vs2005\libtheora\debug\info.obj
c:\srcw32\vs2017\engq\libtheora-1.0beta3\win32\vs2005\libtheora\debug\huffdec.obj
c:\srcw32\vs2017\engq\libtheora-1.0beta3\win32\vs2005\libtheora\debug\fragment.obj
c:\srcw32\vs2017\engq\libtheora-1.0beta3\win32\vs2005\libtheora\debug\dequant.obj
c:\srcw32\vs2017\engq\libtheora-1.0beta3\win32\vs2005\libtheora\debug\decinfo.obj
c:\srcw32\vs2017\engq\libtheora-1.0beta3\win32\vs2005\libtheora\debug\decapiwrapper.obj
c:\srcw32\vs2017\engq\libtheora-1.0beta3\win32\vs2005\libtheora\debug\bitwise.obj
c:\srcw32\vs2017\engq\libtheora-1.0beta3\win32\vs2005\libtheora\debug\apiwrapper.obj
c:\srcw32\vs2017\engq\libtheora-1.0beta3\win32\vs2005\libtheora\debug\cpu.obj
c:\srcw32\vs2017\engq\libtheora-1.0beta3\win32\vs2005\libtheora\debug\decode1.obj
c:\srcw32\vs2017\engq\libtheora-1.0beta3\win32\vs2005\libtheora\debug\idct1.obj
c:\srcw32\vs2017\engq\libtheora-1.0beta3\win32\vs2005\libtheora\debug\quant1.obj
c:\srcw32\vs2017\engq\libtheora-1.0beta3\win32\vs2005\libtheora\debug\blockmap1.obj
c:\srcw32\vs2017\engq\libtheora-1.0beta3\win32\vs2005\libtheora\debug\dct1.obj
c:\srcw32\vs2017\engq\libtheora-1.0beta3\win32\vs2005\libtheora\debug\dct_decode1.obj
c:\srcw32\vs2017\engq\libtheora-1.0beta3\win32\vs2005\libtheora\debug\dct_encode1.obj
c:\srcw32\vs2017\engq\libtheora-1.0beta3\win32\vs2005\libtheora\debug\dsp1.obj
c:\srcw32\vs2017\engq\libtheora-1.0beta3\win32\vs2005\libtheora\debug\encode1.obj
c:\srcw32\vs2017\engq\libtheora-1.0beta3\win32\vs2005\libtheora\debug\encoder_toplevel1.obj
c:\srcw32\vs2017\engq\libtheora-1.0beta3\win32\vs2005\libtheora\debug\frarray1.obj
c:\srcw32\vs2017\engq\libtheora-1.0beta3\win32\vs2005\libtheora\debug\frinit1.obj
c:\srcw32\vs2017\engq\libtheora-1.0beta3\win32\vs2005\libtheora\debug\mcomp1.obj
c:\srcw32\vs2017\engq\libtheora-1.0beta3\win32\vs2005\libtheora\debug\misc_common1.obj
c:\srcw32\vs2017\engq\libtheora-1.0beta3\win32\vs2005\libtheora\debug\pb1.obj
c:\srcw32\vs2017\engq\libtheora-1.0beta3\win32\vs2005\libtheora\debug\pp1.obj
c:\srcw32\vs2017\engq\libtheora-1.0beta3\win32\vs2005\libtheora\debug\reconstruct1.obj
c:\srcw32\vs2017\engq\libtheora-1.0beta3\win32\vs2005\libtheora\debug\scan1.obj
c:\srcw32\vs2017\engq\libtheora-1.0beta3\win32\vs2005\libtheora\debug\dsp_mmx1.obj
c:\srcw32\vs2017\engq\libtheora-1.0beta3\win32\vs2005\libtheora\debug\fdct_mmx1.obj
c:\srcw32\vs2017\engq\libtheora-1.0beta3\win32\vs2005\libtheora\debug\recon_mmx1.obj
c:\srcw32\vs2017\engq\libtheora-1.0beta3\win32\vs2005\libtheora\theorad.lib
c:\srcw32\vs2017\engq\libtheora-1.0beta3\win32\vs2005\libtheora\debug\libtheora.tlog\cl.command.1.tlog
c:\srcw32\vs2017\engq\libtheora-1.0beta3\win32\vs2005\libtheora\debug\libtheora.tlog\cl.read.1.tlog
c:\srcw32\vs2017\engq\libtheora-1.0beta3\win32\vs2005\libtheora\debug\libtheora.tlog\cl.write.1.tlog
c:\srcw32\vs2017\engq\libtheora-1.0beta3\win32\vs2005\libtheora\debug\libtheora.tlog\lib-link.read.1.tlog
c:\srcw32\vs2017\engq\libtheora-1.0beta3\win32\vs2005\libtheora\debug\libtheora.tlog\lib-link.write.1.tlog
c:\srcw32\vs2017\engq\libtheora-1.0beta3\win32\vs2005\libtheora\debug\libtheora.tlog\lib.command.1.tlog
