  ai.cpp
  avaj.cpp
  box2box.cpp
  camera.cpp
  carclass.cpp
  carenagame.cpp
  carenalobby.cpp
  connectpackets.cpp
  connectstate.cpp
  constructor.cpp
  enums.cpp
  envj.cpp
  gamedescj.cpp
  gamerunj.cpp
  gamestatecheck.cpp
  hash.cpp
  helper.cpp
  jrmcars.cpp
  line2road.cpp
  match_game1.cpp
  Generating Code...
  Compiling...
  match_hiscores.cpp
  match_lobby.cpp
  match_logon.cpp
  match_options.cpp
  match_pickgame.cpp
  match_pickserver.cpp
  match_quickgame.cpp
  match_register.cpp
  match_results.cpp
  match_server.cpp
  match_title.cpp
  md5.cpp
  netdescj.cpp
  netobj.cpp
  netobjbot.cpp
  netobjclient.cpp
  netobjserver.cpp
  newconstructor.cpp
  n_faceverts.cpp
  n_marching.cpp
  Generating Code...
  Compiling...
  n_marchingdata.cpp
  n_marchingtest.cpp
  n_meshtest.cpp
  n_polylist.cpp
  physics.cpp
  rabbits.cpp
  rematch.cpp
  scrline.cpp
  soundemit.cpp
  soundfx.cpp
  studyforks.cpp
  timewarp.cpp
  tracklist.cpp
  trk_line2road.cpp
  u_states.cpp
  u_sysdebvars.cpp
  lightupboard.cpp
  lightuppatterndata.cpp
  lightuppatterns.cpp
  u_groups.cpp
  Generating Code...
  Compiling...
  u_s_braid.cpp
  u_s_browser.cpp
  u_s_lightup.cpp
  u_s_mainmenu.cpp
  u_s_many.cpp
  u_s_mattest.cpp
  u_s_mattest2.cpp
  u_s_maze.cpp
  u_s_newtons.cpp
  u_s_playamovie.cpp
  u_s_plotter.cpp
  u_s_riemann.cpp
  u_s_toon.cpp
  u_s_tritest1.cpp
  json.cpp
  jsonx.cpp
  json_packet.cpp
  modelutil.cpp
  Generating Code...
  newcarena.vcxproj -> C:\srcw32\vs2017\engq\newcarena\.\newcarena.exe
