c:\srcw32\vs2017\engq\newcarena\release\vc141.pdb
c:\srcw32\vs2017\engq\newcarena\release\match_game1.obj
c:\srcw32\vs2017\engq\newcarena\release\line2road.obj
c:\srcw32\vs2017\engq\newcarena\release\jrmcars.obj
c:\srcw32\vs2017\engq\newcarena\release\helper.obj
c:\srcw32\vs2017\engq\newcarena\release\hash.obj
c:\srcw32\vs2017\engq\newcarena\release\gamestatecheck.obj
c:\srcw32\vs2017\engq\newcarena\release\gamerunj.obj
c:\srcw32\vs2017\engq\newcarena\release\gamedescj.obj
c:\srcw32\vs2017\engq\newcarena\release\envj.obj
c:\srcw32\vs2017\engq\newcarena\release\enums.obj
c:\srcw32\vs2017\engq\newcarena\release\constructor.obj
c:\srcw32\vs2017\engq\newcarena\release\connectstate.obj
c:\srcw32\vs2017\engq\newcarena\release\connectpackets.obj
c:\srcw32\vs2017\engq\newcarena\release\carenalobby.obj
c:\srcw32\vs2017\engq\newcarena\release\carenagame.obj
c:\srcw32\vs2017\engq\newcarena\release\carclass.obj
c:\srcw32\vs2017\engq\newcarena\release\camera.obj
c:\srcw32\vs2017\engq\newcarena\release\box2box.obj
c:\srcw32\vs2017\engq\newcarena\release\avaj.obj
c:\srcw32\vs2017\engq\newcarena\release\ai.obj
c:\srcw32\vs2017\engq\newcarena\release\n_marching.obj
c:\srcw32\vs2017\engq\newcarena\release\n_faceverts.obj
c:\srcw32\vs2017\engq\newcarena\release\newconstructor.obj
c:\srcw32\vs2017\engq\newcarena\release\netobjserver.obj
c:\srcw32\vs2017\engq\newcarena\release\netobjclient.obj
c:\srcw32\vs2017\engq\newcarena\release\netobjbot.obj
c:\srcw32\vs2017\engq\newcarena\release\netobj.obj
c:\srcw32\vs2017\engq\newcarena\release\netdescj.obj
c:\srcw32\vs2017\engq\newcarena\release\md5.obj
c:\srcw32\vs2017\engq\newcarena\release\match_title.obj
c:\srcw32\vs2017\engq\newcarena\release\match_server.obj
c:\srcw32\vs2017\engq\newcarena\release\match_results.obj
c:\srcw32\vs2017\engq\newcarena\release\match_register.obj
c:\srcw32\vs2017\engq\newcarena\release\match_quickgame.obj
c:\srcw32\vs2017\engq\newcarena\release\match_pickserver.obj
c:\srcw32\vs2017\engq\newcarena\release\match_pickgame.obj
c:\srcw32\vs2017\engq\newcarena\release\match_options.obj
c:\srcw32\vs2017\engq\newcarena\release\match_logon.obj
c:\srcw32\vs2017\engq\newcarena\release\match_lobby.obj
c:\srcw32\vs2017\engq\newcarena\release\match_hiscores.obj
c:\srcw32\vs2017\engq\newcarena\release\u_groups.obj
c:\srcw32\vs2017\engq\newcarena\release\lightuppatterns.obj
c:\srcw32\vs2017\engq\newcarena\release\lightuppatterndata.obj
c:\srcw32\vs2017\engq\newcarena\release\lightupboard.obj
c:\srcw32\vs2017\engq\newcarena\release\u_sysdebvars.obj
c:\srcw32\vs2017\engq\newcarena\release\u_states.obj
c:\srcw32\vs2017\engq\newcarena\release\trk_line2road.obj
c:\srcw32\vs2017\engq\newcarena\release\tracklist.obj
c:\srcw32\vs2017\engq\newcarena\release\timewarp.obj
c:\srcw32\vs2017\engq\newcarena\release\studyforks.obj
c:\srcw32\vs2017\engq\newcarena\release\soundfx.obj
c:\srcw32\vs2017\engq\newcarena\release\soundemit.obj
c:\srcw32\vs2017\engq\newcarena\release\scrline.obj
c:\srcw32\vs2017\engq\newcarena\release\rematch.obj
c:\srcw32\vs2017\engq\newcarena\release\rabbits.obj
c:\srcw32\vs2017\engq\newcarena\release\physics.obj
c:\srcw32\vs2017\engq\newcarena\release\n_polylist.obj
c:\srcw32\vs2017\engq\newcarena\release\n_meshtest.obj
c:\srcw32\vs2017\engq\newcarena\release\n_marchingtest.obj
c:\srcw32\vs2017\engq\newcarena\release\n_marchingdata.obj
c:\srcw32\vs2017\engq\newcarena\release\modelutil.obj
c:\srcw32\vs2017\engq\newcarena\release\json_packet.obj
c:\srcw32\vs2017\engq\newcarena\release\jsonx.obj
c:\srcw32\vs2017\engq\newcarena\release\json.obj
c:\srcw32\vs2017\engq\newcarena\release\u_s_tritest1.obj
c:\srcw32\vs2017\engq\newcarena\release\u_s_toon.obj
c:\srcw32\vs2017\engq\newcarena\release\u_s_riemann.obj
c:\srcw32\vs2017\engq\newcarena\release\u_s_plotter.obj
c:\srcw32\vs2017\engq\newcarena\release\u_s_playamovie.obj
c:\srcw32\vs2017\engq\newcarena\release\u_s_newtons.obj
c:\srcw32\vs2017\engq\newcarena\release\u_s_maze.obj
c:\srcw32\vs2017\engq\newcarena\release\u_s_mattest2.obj
c:\srcw32\vs2017\engq\newcarena\release\u_s_mattest.obj
c:\srcw32\vs2017\engq\newcarena\release\u_s_many.obj
c:\srcw32\vs2017\engq\newcarena\release\u_s_mainmenu.obj
c:\srcw32\vs2017\engq\newcarena\release\u_s_lightup.obj
c:\srcw32\vs2017\engq\newcarena\release\u_s_browser.obj
c:\srcw32\vs2017\engq\newcarena\release\u_s_braid.obj
c:\srcw32\vs2017\engq\newcarena\newcarena.exe
c:\srcw32\vs2017\engq\newcarena\newcarena.map
c:\srcw32\vs2017\engq\newcarena\newcarena.pdb
c:\srcw32\vs2017\engq\newcarena\release\newcarena.res
c:\srcw32\vs2017\engq\newcarena\.\newcarena.exe
c:\srcw32\vs2017\engq\newcarena\release\newcarena.tlog\cl.command.1.tlog
c:\srcw32\vs2017\engq\newcarena\release\newcarena.tlog\cl.read.1.tlog
c:\srcw32\vs2017\engq\newcarena\release\newcarena.tlog\cl.write.1.tlog
c:\srcw32\vs2017\engq\newcarena\release\newcarena.tlog\link.command.1.tlog
c:\srcw32\vs2017\engq\newcarena\release\newcarena.tlog\link.read.1.tlog
c:\srcw32\vs2017\engq\newcarena\release\newcarena.tlog\link.write.1.tlog
c:\srcw32\vs2017\engq\newcarena\release\newcarena.tlog\rc.command.1.tlog
c:\srcw32\vs2017\engq\newcarena\release\newcarena.tlog\rc.read.1.tlog
c:\srcw32\vs2017\engq\newcarena\release\newcarena.tlog\rc.write.1.tlog
