c:\srcw32\vs2017\engq\engq\release\engq.pdb
c:\srcw32\vs2017\engq\engq\release\d_floattri.obj
c:\srcw32\vs2017\engq\engq\release\d2_viewport.obj
c:\srcw32\vs2017\engq\engq\release\d2_vid3d.obj
c:\srcw32\vs2017\engq\engq\release\d2_tree.obj
c:\srcw32\vs2017\engq\engq\release\d2_texman.obj
c:\srcw32\vs2017\engq\engq\release\d2_sprite.obj
c:\srcw32\vs2017\engq\engq\release\d2_software_font.obj
c:\srcw32\vs2017\engq\engq\release\d2_software.obj
c:\srcw32\vs2017\engq\engq\release\d2_model.obj
c:\srcw32\vs2017\engq\engq\release\d2_light.obj
c:\srcw32\vs2017\engq\engq\release\d2_keyf.obj
c:\srcw32\vs2017\engq\engq\release\d2_fontq.obj
c:\srcw32\vs2017\engq\engq\release\d2_font.obj
c:\srcw32\vs2017\engq\engq\release\d2_dx9_font.obj
c:\srcw32\vs2017\engq\engq\release\d2_dx9effectshaders.obj
c:\srcw32\vs2017\engq\engq\release\d2_dx9asmshaders.obj
c:\srcw32\vs2017\engq\engq\release\d2_bws.obj
c:\srcw32\vs2017\engq\engq\release\d2_bwo.obj
c:\srcw32\vs2017\engq\engq\release\augmatz2.obj
c:\srcw32\vs2017\engq\engq\release\augmatz.obj
c:\srcw32\vs2017\engq\engq\release\m_input.obj
c:\srcw32\vs2017\engq\engq\release\m_gfx_tga.obj
c:\srcw32\vs2017\engq\engq\release\m_gfx_png.obj
c:\srcw32\vs2017\engq\engq\release\m_gfx_pcx.obj
c:\srcw32\vs2017\engq\engq\release\m_gfx_lbm.obj
c:\srcw32\vs2017\engq\engq\release\m_gfx_jpg.obj
c:\srcw32\vs2017\engq\engq\release\m_gfx_dds.obj
c:\srcw32\vs2017\engq\engq\release\m_gfx.obj
c:\srcw32\vs2017\engq\engq\release\m_floatconv.obj
c:\srcw32\vs2017\engq\engq\release\m_file.obj
c:\srcw32\vs2017\engq\engq\release\m_err.obj
c:\srcw32\vs2017\engq\engq\release\m_dir.obj
c:\srcw32\vs2017\engq\engq\release\m_device.obj
c:\srcw32\vs2017\engq\engq\release\m_debp.obj
c:\srcw32\vs2017\engq\engq\release\m_chunk.obj
c:\srcw32\vs2017\engq\engq\release\m_bitmap8.obj
c:\srcw32\vs2017\engq\engq\release\m_bitmap32.obj
c:\srcw32\vs2017\engq\engq\release\m_audio.obj
c:\srcw32\vs2017\engq\engq\release\math_abstract.obj
c:\srcw32\vs2017\engq\engq\release\lodepng.obj
c:\srcw32\vs2017\engq\engq\release\m_vid_gdi.obj
c:\srcw32\vs2017\engq\engq\release\m_vid_dx9.obj
c:\srcw32\vs2017\engq\engq\release\m_vid_ddraw.obj
c:\srcw32\vs2017\engq\engq\release\m_vid.obj
c:\srcw32\vs2017\engq\engq\release\m_utils.obj
c:\srcw32\vs2017\engq\engq\release\m_txt32.obj
c:\srcw32\vs2017\engq\engq\release\m_tm.obj
c:\srcw32\vs2017\engq\engq\release\m_stdcolors.obj
c:\srcw32\vs2017\engq\engq\release\m_state.obj
c:\srcw32\vs2017\engq\engq\release\m_script.obj
c:\srcw32\vs2017\engq\engq\release\m_sagger.obj
c:\srcw32\vs2017\engq\engq\release\m_quat.obj
c:\srcw32\vs2017\engq\engq\release\m_perf.obj
c:\srcw32\vs2017\engq\engq\release\m_numath.obj
c:\srcw32\vs2017\engq\engq\release\m_mt_rand.obj
c:\srcw32\vs2017\engq\engq\release\m_movie.obj
c:\srcw32\vs2017\engq\engq\release\m_midi.obj
c:\srcw32\vs2017\engq\engq\release\m_mem.obj
c:\srcw32\vs2017\engq\engq\release\m_matrixn.obj
c:\srcw32\vs2017\engq\engq\release\m_matrix.obj
c:\srcw32\vs2017\engq\engq\release\ring2.obj
c:\srcw32\vs2017\engq\engq\release\n_deflate.obj
c:\srcw32\vs2017\engq\engq\release\m_win.obj
c:\srcw32\vs2017\engq\engq\release\m_wh.obj
c:\srcw32\vs2017\engq\engq\engq.lib
c:\srcw32\vs2017\engq\engq\release\.\engq.pdb
c:\srcw32\vs2017\engq\engq\.\engq.lib
c:\srcw32\vs2017\engq\engq\release\engq.tlog\cl.command.1.tlog
c:\srcw32\vs2017\engq\engq\release\engq.tlog\cl.read.1.tlog
c:\srcw32\vs2017\engq\engq\release\engq.tlog\cl.write.1.tlog
c:\srcw32\vs2017\engq\engq\release\engq.tlog\lib-link.read.1.tlog
c:\srcw32\vs2017\engq\engq\release\engq.tlog\lib-link.write.1.tlog
c:\srcw32\vs2017\engq\engq\release\engq.tlog\lib.command.1.tlog
