c:\srcw32\vs2017\engq\tinyxml\debug_stl\tinyxmlstl.bsc
c:\srcw32\vs2017\engq\tinyxml\debug_stl\tinyxmlstl.pdb
c:\srcw32\vs2017\engq\tinyxml\debug_stl\tinyxmlstl.idb
c:\srcw32\vs2017\engq\tinyxml\debug_stl\tinystr.sbr
c:\srcw32\vs2017\engq\tinyxml\debug_stl\tinyxml.sbr
c:\srcw32\vs2017\engq\tinyxml\debug_stl\tinyxmlerror.sbr
c:\srcw32\vs2017\engq\tinyxml\debug_stl\tinyxmlparser.sbr
c:\srcw32\vs2017\engq\tinyxml\debug_stl\tinyxmlparser.obj
c:\srcw32\vs2017\engq\tinyxml\debug_stl\tinyxmlerror.obj
c:\srcw32\vs2017\engq\tinyxml\debug_stl\tinyxml.obj
c:\srcw32\vs2017\engq\tinyxml\debug_stl\tinystr.obj
c:\srcw32\vs2017\engq\tinyxml\debug_stl\tinyxmlstl.lib
c:\srcw32\vs2017\engq\tinyxml\.\debug_stl\tinyxmlstl.lib
c:\srcw32\vs2017\engq\tinyxml\debug_stl\tinyxmlstl.tlog\bscmake.command.1.tlog
c:\srcw32\vs2017\engq\tinyxml\debug_stl\tinyxmlstl.tlog\bscmake.read.1.tlog
c:\srcw32\vs2017\engq\tinyxml\debug_stl\tinyxmlstl.tlog\bscmake.write.1.tlog
c:\srcw32\vs2017\engq\tinyxml\debug_stl\tinyxmlstl.tlog\cl.command.1.tlog
c:\srcw32\vs2017\engq\tinyxml\debug_stl\tinyxmlstl.tlog\cl.read.1.tlog
c:\srcw32\vs2017\engq\tinyxml\debug_stl\tinyxmlstl.tlog\cl.write.1.tlog
c:\srcw32\vs2017\engq\tinyxml\debug_stl\tinyxmlstl.tlog\lib-link.read.1.tlog
c:\srcw32\vs2017\engq\tinyxml\debug_stl\tinyxmlstl.tlog\lib-link.write.1.tlog
c:\srcw32\vs2017\engq\tinyxml\debug_stl\tinyxmlstl.tlog\lib.command.1.tlog
