c:\srcw32\vs2017\engq\engq\debug\engq.pdb
c:\srcw32\vs2017\engq\engq\debug\engq.idb
c:\srcw32\vs2017\engq\engq\debug\d_floattri.obj
c:\srcw32\vs2017\engq\engq\debug\d2_viewport.obj
c:\srcw32\vs2017\engq\engq\debug\d2_vid3d.obj
c:\srcw32\vs2017\engq\engq\debug\d2_tree.obj
c:\srcw32\vs2017\engq\engq\debug\d2_texman.obj
c:\srcw32\vs2017\engq\engq\debug\d2_sprite.obj
c:\srcw32\vs2017\engq\engq\debug\d2_software_font.obj
c:\srcw32\vs2017\engq\engq\debug\d2_software.obj
c:\srcw32\vs2017\engq\engq\debug\d2_model.obj
c:\srcw32\vs2017\engq\engq\debug\d2_light.obj
c:\srcw32\vs2017\engq\engq\debug\d2_keyf.obj
c:\srcw32\vs2017\engq\engq\debug\d2_fontq.obj
c:\srcw32\vs2017\engq\engq\debug\d2_font.obj
c:\srcw32\vs2017\engq\engq\debug\d2_dx9_font.obj
c:\srcw32\vs2017\engq\engq\debug\d2_dx9effectshaders.obj
c:\srcw32\vs2017\engq\engq\debug\d2_dx9asmshaders.obj
c:\srcw32\vs2017\engq\engq\debug\d2_bws.obj
c:\srcw32\vs2017\engq\engq\debug\d2_bwo.obj
c:\srcw32\vs2017\engq\engq\debug\augmatz2.obj
c:\srcw32\vs2017\engq\engq\debug\augmatz.obj
c:\srcw32\vs2017\engq\engq\debug\m_input.obj
c:\srcw32\vs2017\engq\engq\debug\m_gfx_tga.obj
c:\srcw32\vs2017\engq\engq\debug\m_gfx_png.obj
c:\srcw32\vs2017\engq\engq\debug\m_gfx_pcx.obj
c:\srcw32\vs2017\engq\engq\debug\m_gfx_lbm.obj
c:\srcw32\vs2017\engq\engq\debug\m_gfx_jpg.obj
c:\srcw32\vs2017\engq\engq\debug\m_gfx_dds.obj
c:\srcw32\vs2017\engq\engq\debug\m_gfx.obj
c:\srcw32\vs2017\engq\engq\debug\m_floatconv.obj
c:\srcw32\vs2017\engq\engq\debug\m_file.obj
c:\srcw32\vs2017\engq\engq\debug\m_err.obj
c:\srcw32\vs2017\engq\engq\debug\m_dir.obj
c:\srcw32\vs2017\engq\engq\debug\m_device.obj
c:\srcw32\vs2017\engq\engq\debug\m_debp.obj
c:\srcw32\vs2017\engq\engq\debug\m_chunk.obj
c:\srcw32\vs2017\engq\engq\debug\m_bitmap8.obj
c:\srcw32\vs2017\engq\engq\debug\m_bitmap32.obj
c:\srcw32\vs2017\engq\engq\debug\m_audio.obj
c:\srcw32\vs2017\engq\engq\debug\math_abstract.obj
c:\srcw32\vs2017\engq\engq\debug\lodepng.obj
c:\srcw32\vs2017\engq\engq\debug\m_vid_gdi.obj
c:\srcw32\vs2017\engq\engq\debug\m_vid_dx9.obj
c:\srcw32\vs2017\engq\engq\debug\m_vid_ddraw.obj
c:\srcw32\vs2017\engq\engq\debug\m_vid.obj
c:\srcw32\vs2017\engq\engq\debug\m_utils.obj
c:\srcw32\vs2017\engq\engq\debug\m_txt32.obj
c:\srcw32\vs2017\engq\engq\debug\m_tm.obj
c:\srcw32\vs2017\engq\engq\debug\m_stdcolors.obj
c:\srcw32\vs2017\engq\engq\debug\m_state.obj
c:\srcw32\vs2017\engq\engq\debug\m_script.obj
c:\srcw32\vs2017\engq\engq\debug\m_sagger.obj
c:\srcw32\vs2017\engq\engq\debug\m_quat.obj
c:\srcw32\vs2017\engq\engq\debug\m_perf.obj
c:\srcw32\vs2017\engq\engq\debug\m_numath.obj
c:\srcw32\vs2017\engq\engq\debug\m_mt_rand.obj
c:\srcw32\vs2017\engq\engq\debug\m_movie.obj
c:\srcw32\vs2017\engq\engq\debug\m_midi.obj
c:\srcw32\vs2017\engq\engq\debug\m_mem.obj
c:\srcw32\vs2017\engq\engq\debug\m_matrixn.obj
c:\srcw32\vs2017\engq\engq\debug\m_matrix.obj
c:\srcw32\vs2017\engq\engq\debug\ring2.obj
c:\srcw32\vs2017\engq\engq\debug\n_deflate.obj
c:\srcw32\vs2017\engq\engq\debug\m_win.obj
c:\srcw32\vs2017\engq\engq\debug\m_wh.obj
c:\srcw32\vs2017\engq\engq\engqd.lib
c:\srcw32\vs2017\engq\engq\.\engqd.lib
c:\srcw32\vs2017\engq\engq\debug\engq.tlog\cl.command.1.tlog
c:\srcw32\vs2017\engq\engq\debug\engq.tlog\cl.read.1.tlog
c:\srcw32\vs2017\engq\engq\debug\engq.tlog\cl.write.1.tlog
c:\srcw32\vs2017\engq\engq\debug\engq.tlog\lib-link.read.1.tlog
c:\srcw32\vs2017\engq\engq\debug\engq.tlog\lib-link.write.1.tlog
c:\srcw32\vs2017\engq\engq\debug\engq.tlog\lib.command.1.tlog
