c:\srcw32\vs2017\engq\libvorbis-1.2.0\win32\vs2005\libvorbis\debug\libvorbis.pdb
c:\srcw32\vs2017\engq\libvorbis-1.2.0\win32\vs2005\libvorbis\debug\libvorbis.idb
c:\srcw32\vs2017\engq\libvorbis-1.2.0\win32\vs2005\libvorbis\debug\vorbisenc.obj
c:\srcw32\vs2017\engq\libvorbis-1.2.0\win32\vs2005\libvorbis\debug\synthesis.obj
c:\srcw32\vs2017\engq\libvorbis-1.2.0\win32\vs2005\libvorbis\debug\smallft.obj
c:\srcw32\vs2017\engq\libvorbis-1.2.0\win32\vs2005\libvorbis\debug\sharedbook.obj
c:\srcw32\vs2017\engq\libvorbis-1.2.0\win32\vs2005\libvorbis\debug\res0.obj
c:\srcw32\vs2017\engq\libvorbis-1.2.0\win32\vs2005\libvorbis\debug\registry.obj
c:\srcw32\vs2017\engq\libvorbis-1.2.0\win32\vs2005\libvorbis\debug\psy.obj
c:\srcw32\vs2017\engq\libvorbis-1.2.0\win32\vs2005\libvorbis\debug\mdct.obj
c:\srcw32\vs2017\engq\libvorbis-1.2.0\win32\vs2005\libvorbis\debug\mapping0.obj
c:\srcw32\vs2017\engq\libvorbis-1.2.0\win32\vs2005\libvorbis\debug\lsp.obj
c:\srcw32\vs2017\engq\libvorbis-1.2.0\win32\vs2005\libvorbis\debug\lpc.obj
c:\srcw32\vs2017\engq\libvorbis-1.2.0\win32\vs2005\libvorbis\debug\lookup.obj
c:\srcw32\vs2017\engq\libvorbis-1.2.0\win32\vs2005\libvorbis\debug\info.obj
c:\srcw32\vs2017\engq\libvorbis-1.2.0\win32\vs2005\libvorbis\debug\floor1.obj
c:\srcw32\vs2017\engq\libvorbis-1.2.0\win32\vs2005\libvorbis\debug\floor0.obj
c:\srcw32\vs2017\engq\libvorbis-1.2.0\win32\vs2005\libvorbis\debug\envelope.obj
c:\srcw32\vs2017\engq\libvorbis-1.2.0\win32\vs2005\libvorbis\debug\codebook.obj
c:\srcw32\vs2017\engq\libvorbis-1.2.0\win32\vs2005\libvorbis\debug\block.obj
c:\srcw32\vs2017\engq\libvorbis-1.2.0\win32\vs2005\libvorbis\debug\bitrate.obj
c:\srcw32\vs2017\engq\libvorbis-1.2.0\win32\vs2005\libvorbis\debug\analysis.obj
c:\srcw32\vs2017\engq\libvorbis-1.2.0\win32\vs2005\libvorbis\debug\window.obj
c:\srcw32\vs2017\engq\libvorbis-1.2.0\win32\vs2005\libvorbis\libvorbisd.lib
c:\srcw32\vs2017\engq\libvorbis-1.2.0\win32\vs2005\libvorbis\.\libvorbisd.lib
c:\srcw32\vs2017\engq\libvorbis-1.2.0\win32\vs2005\libvorbis\debug\libvorbis.tlog\cl.command.1.tlog
c:\srcw32\vs2017\engq\libvorbis-1.2.0\win32\vs2005\libvorbis\debug\libvorbis.tlog\cl.read.1.tlog
c:\srcw32\vs2017\engq\libvorbis-1.2.0\win32\vs2005\libvorbis\debug\libvorbis.tlog\cl.write.1.tlog
c:\srcw32\vs2017\engq\libvorbis-1.2.0\win32\vs2005\libvorbis\debug\libvorbis.tlog\lib-link.read.1.tlog
c:\srcw32\vs2017\engq\libvorbis-1.2.0\win32\vs2005\libvorbis\debug\libvorbis.tlog\lib-link.write.1.tlog
c:\srcw32\vs2017\engq\libvorbis-1.2.0\win32\vs2005\libvorbis\debug\libvorbis.tlog\lib.command.1.tlog
