c:\srcw32\vs2017\engq\libtheora-1.0beta3\win32\vs2005\libtheora\release\encoder_quant.obj
c:\srcw32\vs2017\engq\libtheora-1.0beta3\win32\vs2005\libtheora\release\encoder_idct.obj
c:\srcw32\vs2017\engq\libtheora-1.0beta3\win32\vs2005\libtheora\release\encoder_huffman.obj
c:\srcw32\vs2017\engq\libtheora-1.0beta3\win32\vs2005\libtheora\release\encapiwrapper.obj
c:\srcw32\vs2017\engq\libtheora-1.0beta3\win32\vs2005\libtheora\release\x86state.obj
c:\srcw32\vs2017\engq\libtheora-1.0beta3\win32\vs2005\libtheora\release\mmxstate.obj
c:\srcw32\vs2017\engq\libtheora-1.0beta3\win32\vs2005\libtheora\release\mmxloopfilter.obj
c:\srcw32\vs2017\engq\libtheora-1.0beta3\win32\vs2005\libtheora\release\mmxidct.obj
c:\srcw32\vs2017\engq\libtheora-1.0beta3\win32\vs2005\libtheora\release\mmxfrag.obj
c:\srcw32\vs2017\engq\libtheora-1.0beta3\win32\vs2005\libtheora\release\state.obj
c:\srcw32\vs2017\engq\libtheora-1.0beta3\win32\vs2005\libtheora\release\internal.obj
c:\srcw32\vs2017\engq\libtheora-1.0beta3\win32\vs2005\libtheora\release\info.obj
c:\srcw32\vs2017\engq\libtheora-1.0beta3\win32\vs2005\libtheora\release\huffdec.obj
c:\srcw32\vs2017\engq\libtheora-1.0beta3\win32\vs2005\libtheora\release\fragment.obj
c:\srcw32\vs2017\engq\libtheora-1.0beta3\win32\vs2005\libtheora\release\dequant.obj
c:\srcw32\vs2017\engq\libtheora-1.0beta3\win32\vs2005\libtheora\release\decinfo.obj
c:\srcw32\vs2017\engq\libtheora-1.0beta3\win32\vs2005\libtheora\release\decapiwrapper.obj
c:\srcw32\vs2017\engq\libtheora-1.0beta3\win32\vs2005\libtheora\release\bitwise.obj
c:\srcw32\vs2017\engq\libtheora-1.0beta3\win32\vs2005\libtheora\release\apiwrapper.obj
c:\srcw32\vs2017\engq\libtheora-1.0beta3\win32\vs2005\libtheora\release\cpu.obj
c:\srcw32\vs2017\engq\libtheora-1.0beta3\win32\vs2005\libtheora\release\decode1.obj
c:\srcw32\vs2017\engq\libtheora-1.0beta3\win32\vs2005\libtheora\release\idct1.obj
c:\srcw32\vs2017\engq\libtheora-1.0beta3\win32\vs2005\libtheora\release\quant1.obj
c:\srcw32\vs2017\engq\libtheora-1.0beta3\win32\vs2005\libtheora\release\blockmap1.obj
c:\srcw32\vs2017\engq\libtheora-1.0beta3\win32\vs2005\libtheora\release\dct1.obj
c:\srcw32\vs2017\engq\libtheora-1.0beta3\win32\vs2005\libtheora\release\dct_decode1.obj
c:\srcw32\vs2017\engq\libtheora-1.0beta3\win32\vs2005\libtheora\release\dct_encode1.obj
c:\srcw32\vs2017\engq\libtheora-1.0beta3\win32\vs2005\libtheora\release\dsp1.obj
c:\srcw32\vs2017\engq\libtheora-1.0beta3\win32\vs2005\libtheora\release\encode1.obj
c:\srcw32\vs2017\engq\libtheora-1.0beta3\win32\vs2005\libtheora\release\encoder_toplevel1.obj
c:\srcw32\vs2017\engq\libtheora-1.0beta3\win32\vs2005\libtheora\release\frarray1.obj
c:\srcw32\vs2017\engq\libtheora-1.0beta3\win32\vs2005\libtheora\release\frinit1.obj
c:\srcw32\vs2017\engq\libtheora-1.0beta3\win32\vs2005\libtheora\release\mcomp1.obj
c:\srcw32\vs2017\engq\libtheora-1.0beta3\win32\vs2005\libtheora\release\misc_common1.obj
c:\srcw32\vs2017\engq\libtheora-1.0beta3\win32\vs2005\libtheora\release\pb1.obj
c:\srcw32\vs2017\engq\libtheora-1.0beta3\win32\vs2005\libtheora\release\pp1.obj
c:\srcw32\vs2017\engq\libtheora-1.0beta3\win32\vs2005\libtheora\release\reconstruct1.obj
c:\srcw32\vs2017\engq\libtheora-1.0beta3\win32\vs2005\libtheora\release\scan1.obj
c:\srcw32\vs2017\engq\libtheora-1.0beta3\win32\vs2005\libtheora\release\dsp_mmx1.obj
c:\srcw32\vs2017\engq\libtheora-1.0beta3\win32\vs2005\libtheora\release\fdct_mmx1.obj
c:\srcw32\vs2017\engq\libtheora-1.0beta3\win32\vs2005\libtheora\release\recon_mmx1.obj
c:\srcw32\vs2017\engq\libtheora-1.0beta3\win32\vs2005\libtheora\libtheora.lib
c:\srcw32\vs2017\engq\libtheora-1.0beta3\win32\vs2005\libtheora\.\libtheora.lib
c:\srcw32\vs2017\engq\libtheora-1.0beta3\win32\vs2005\libtheora\release\libtheora.tlog\cl.command.1.tlog
c:\srcw32\vs2017\engq\libtheora-1.0beta3\win32\vs2005\libtheora\release\libtheora.tlog\cl.read.1.tlog
c:\srcw32\vs2017\engq\libtheora-1.0beta3\win32\vs2005\libtheora\release\libtheora.tlog\cl.write.1.tlog
c:\srcw32\vs2017\engq\libtheora-1.0beta3\win32\vs2005\libtheora\release\libtheora.tlog\lib-link.read.1.tlog
c:\srcw32\vs2017\engq\libtheora-1.0beta3\win32\vs2005\libtheora\release\libtheora.tlog\lib-link.write.1.tlog
c:\srcw32\vs2017\engq\libtheora-1.0beta3\win32\vs2005\libtheora\release\libtheora.tlog\lib.command.1.tlog
