c:\srcw32\vs2017\engq\libvorbis-1.2.0\win32\vs2005\libvorbis\release\libvorbis.pdb
c:\srcw32\vs2017\engq\libvorbis-1.2.0\win32\vs2005\libvorbis\release\vorbisenc.obj
c:\srcw32\vs2017\engq\libvorbis-1.2.0\win32\vs2005\libvorbis\release\synthesis.obj
c:\srcw32\vs2017\engq\libvorbis-1.2.0\win32\vs2005\libvorbis\release\smallft.obj
c:\srcw32\vs2017\engq\libvorbis-1.2.0\win32\vs2005\libvorbis\release\sharedbook.obj
c:\srcw32\vs2017\engq\libvorbis-1.2.0\win32\vs2005\libvorbis\release\res0.obj
c:\srcw32\vs2017\engq\libvorbis-1.2.0\win32\vs2005\libvorbis\release\registry.obj
c:\srcw32\vs2017\engq\libvorbis-1.2.0\win32\vs2005\libvorbis\release\psy.obj
c:\srcw32\vs2017\engq\libvorbis-1.2.0\win32\vs2005\libvorbis\release\mdct.obj
c:\srcw32\vs2017\engq\libvorbis-1.2.0\win32\vs2005\libvorbis\release\mapping0.obj
c:\srcw32\vs2017\engq\libvorbis-1.2.0\win32\vs2005\libvorbis\release\lsp.obj
c:\srcw32\vs2017\engq\libvorbis-1.2.0\win32\vs2005\libvorbis\release\lpc.obj
c:\srcw32\vs2017\engq\libvorbis-1.2.0\win32\vs2005\libvorbis\release\lookup.obj
c:\srcw32\vs2017\engq\libvorbis-1.2.0\win32\vs2005\libvorbis\release\info.obj
c:\srcw32\vs2017\engq\libvorbis-1.2.0\win32\vs2005\libvorbis\release\floor1.obj
c:\srcw32\vs2017\engq\libvorbis-1.2.0\win32\vs2005\libvorbis\release\floor0.obj
c:\srcw32\vs2017\engq\libvorbis-1.2.0\win32\vs2005\libvorbis\release\envelope.obj
c:\srcw32\vs2017\engq\libvorbis-1.2.0\win32\vs2005\libvorbis\release\codebook.obj
c:\srcw32\vs2017\engq\libvorbis-1.2.0\win32\vs2005\libvorbis\release\block.obj
c:\srcw32\vs2017\engq\libvorbis-1.2.0\win32\vs2005\libvorbis\release\bitrate.obj
c:\srcw32\vs2017\engq\libvorbis-1.2.0\win32\vs2005\libvorbis\release\analysis.obj
c:\srcw32\vs2017\engq\libvorbis-1.2.0\win32\vs2005\libvorbis\release\window.obj
c:\srcw32\vs2017\engq\libvorbis-1.2.0\win32\vs2005\libvorbis\libvorbis.lib
c:\srcw32\vs2017\engq\libvorbis-1.2.0\win32\vs2005\libvorbis\release\.\libvorbis.pdb
c:\srcw32\vs2017\engq\libvorbis-1.2.0\win32\vs2005\libvorbis\.\libvorbis.lib
c:\srcw32\vs2017\engq\libvorbis-1.2.0\win32\vs2005\libvorbis\release\libvorbis.tlog\cl.command.1.tlog
c:\srcw32\vs2017\engq\libvorbis-1.2.0\win32\vs2005\libvorbis\release\libvorbis.tlog\cl.read.1.tlog
c:\srcw32\vs2017\engq\libvorbis-1.2.0\win32\vs2005\libvorbis\release\libvorbis.tlog\cl.write.1.tlog
c:\srcw32\vs2017\engq\libvorbis-1.2.0\win32\vs2005\libvorbis\release\libvorbis.tlog\lib-link.read.1.tlog
c:\srcw32\vs2017\engq\libvorbis-1.2.0\win32\vs2005\libvorbis\release\libvorbis.tlog\lib-link.write.1.tlog
c:\srcw32\vs2017\engq\libvorbis-1.2.0\win32\vs2005\libvorbis\release\libvorbis.tlog\lib.command.1.tlog
