c:\srcw32\vs2017\engq\newcarena\debug\vc141.pdb
c:\srcw32\vs2017\engq\newcarena\debug\vc141.idb
c:\srcw32\vs2017\engq\newcarena\debug\match_game1.obj
c:\srcw32\vs2017\engq\newcarena\debug\line2road.obj
c:\srcw32\vs2017\engq\newcarena\debug\jrmcars.obj
c:\srcw32\vs2017\engq\newcarena\debug\helper.obj
c:\srcw32\vs2017\engq\newcarena\debug\hash.obj
c:\srcw32\vs2017\engq\newcarena\debug\gamestatecheck.obj
c:\srcw32\vs2017\engq\newcarena\debug\gamerunj.obj
c:\srcw32\vs2017\engq\newcarena\debug\gamedescj.obj
c:\srcw32\vs2017\engq\newcarena\debug\envj.obj
c:\srcw32\vs2017\engq\newcarena\debug\enums.obj
c:\srcw32\vs2017\engq\newcarena\debug\constructor.obj
c:\srcw32\vs2017\engq\newcarena\debug\connectstate.obj
c:\srcw32\vs2017\engq\newcarena\debug\connectpackets.obj
c:\srcw32\vs2017\engq\newcarena\debug\carenalobby.obj
c:\srcw32\vs2017\engq\newcarena\debug\carenagame.obj
c:\srcw32\vs2017\engq\newcarena\debug\carclass.obj
c:\srcw32\vs2017\engq\newcarena\debug\camera.obj
c:\srcw32\vs2017\engq\newcarena\debug\box2box.obj
c:\srcw32\vs2017\engq\newcarena\debug\avaj.obj
c:\srcw32\vs2017\engq\newcarena\debug\ai.obj
c:\srcw32\vs2017\engq\newcarena\debug\n_marching.obj
c:\srcw32\vs2017\engq\newcarena\debug\n_faceverts.obj
c:\srcw32\vs2017\engq\newcarena\debug\newconstructor.obj
c:\srcw32\vs2017\engq\newcarena\debug\netobjserver.obj
c:\srcw32\vs2017\engq\newcarena\debug\netobjclient.obj
c:\srcw32\vs2017\engq\newcarena\debug\netobjbot.obj
c:\srcw32\vs2017\engq\newcarena\debug\netobj.obj
c:\srcw32\vs2017\engq\newcarena\debug\netdescj.obj
c:\srcw32\vs2017\engq\newcarena\debug\md5.obj
c:\srcw32\vs2017\engq\newcarena\debug\match_title.obj
c:\srcw32\vs2017\engq\newcarena\debug\match_server.obj
c:\srcw32\vs2017\engq\newcarena\debug\match_results.obj
c:\srcw32\vs2017\engq\newcarena\debug\match_register.obj
c:\srcw32\vs2017\engq\newcarena\debug\match_quickgame.obj
c:\srcw32\vs2017\engq\newcarena\debug\match_pickserver.obj
c:\srcw32\vs2017\engq\newcarena\debug\match_pickgame.obj
c:\srcw32\vs2017\engq\newcarena\debug\match_options.obj
c:\srcw32\vs2017\engq\newcarena\debug\match_logon.obj
c:\srcw32\vs2017\engq\newcarena\debug\match_lobby.obj
c:\srcw32\vs2017\engq\newcarena\debug\match_hiscores.obj
c:\srcw32\vs2017\engq\newcarena\debug\u_groups.obj
c:\srcw32\vs2017\engq\newcarena\debug\lightuppatterns.obj
c:\srcw32\vs2017\engq\newcarena\debug\lightuppatterndata.obj
c:\srcw32\vs2017\engq\newcarena\debug\lightupboard.obj
c:\srcw32\vs2017\engq\newcarena\debug\u_sysdebvars.obj
c:\srcw32\vs2017\engq\newcarena\debug\u_states.obj
c:\srcw32\vs2017\engq\newcarena\debug\trk_line2road.obj
c:\srcw32\vs2017\engq\newcarena\debug\tracklist.obj
c:\srcw32\vs2017\engq\newcarena\debug\timewarp.obj
c:\srcw32\vs2017\engq\newcarena\debug\studyforks.obj
c:\srcw32\vs2017\engq\newcarena\debug\soundfx.obj
c:\srcw32\vs2017\engq\newcarena\debug\soundemit.obj
c:\srcw32\vs2017\engq\newcarena\debug\scrline.obj
c:\srcw32\vs2017\engq\newcarena\debug\rematch.obj
c:\srcw32\vs2017\engq\newcarena\debug\rabbits.obj
c:\srcw32\vs2017\engq\newcarena\debug\physics.obj
c:\srcw32\vs2017\engq\newcarena\debug\n_polylist.obj
c:\srcw32\vs2017\engq\newcarena\debug\n_meshtest.obj
c:\srcw32\vs2017\engq\newcarena\debug\n_marchingtest.obj
c:\srcw32\vs2017\engq\newcarena\debug\n_marchingdata.obj
c:\srcw32\vs2017\engq\newcarena\debug\modelutil.obj
c:\srcw32\vs2017\engq\newcarena\debug\json_packet.obj
c:\srcw32\vs2017\engq\newcarena\debug\jsonx.obj
c:\srcw32\vs2017\engq\newcarena\debug\json.obj
c:\srcw32\vs2017\engq\newcarena\debug\u_s_tritest1.obj
c:\srcw32\vs2017\engq\newcarena\debug\u_s_toon.obj
c:\srcw32\vs2017\engq\newcarena\debug\u_s_riemann.obj
c:\srcw32\vs2017\engq\newcarena\debug\u_s_plotter.obj
c:\srcw32\vs2017\engq\newcarena\debug\u_s_playamovie.obj
c:\srcw32\vs2017\engq\newcarena\debug\u_s_newtons.obj
c:\srcw32\vs2017\engq\newcarena\debug\u_s_maze.obj
c:\srcw32\vs2017\engq\newcarena\debug\u_s_mattest2.obj
c:\srcw32\vs2017\engq\newcarena\debug\u_s_mattest.obj
c:\srcw32\vs2017\engq\newcarena\debug\u_s_many.obj
c:\srcw32\vs2017\engq\newcarena\debug\u_s_mainmenu.obj
c:\srcw32\vs2017\engq\newcarena\debug\u_s_lightup.obj
c:\srcw32\vs2017\engq\newcarena\debug\u_s_browser.obj
c:\srcw32\vs2017\engq\newcarena\debug\u_s_braid.obj
c:\srcw32\vs2017\engq\newcarena\newcarenad.ilk
c:\srcw32\vs2017\engq\newcarena\newcarenad.exe
c:\srcw32\vs2017\engq\newcarena\newcarenad.map
c:\srcw32\vs2017\engq\newcarena\newcarenad.pdb
c:\srcw32\vs2017\engq\newcarena\debug\newcarena.res
c:\srcw32\vs2017\engq\newcarena\.\newcarenad.exe
c:\srcw32\vs2017\engq\newcarena\debug\newcarena.tlog\cl.command.1.tlog
c:\srcw32\vs2017\engq\newcarena\debug\newcarena.tlog\cl.read.1.tlog
c:\srcw32\vs2017\engq\newcarena\debug\newcarena.tlog\cl.write.1.tlog
c:\srcw32\vs2017\engq\newcarena\debug\newcarena.tlog\link.command.1.tlog
c:\srcw32\vs2017\engq\newcarena\debug\newcarena.tlog\link.read.1.tlog
c:\srcw32\vs2017\engq\newcarena\debug\newcarena.tlog\link.write.1.tlog
c:\srcw32\vs2017\engq\newcarena\debug\newcarena.tlog\rc.command.1.tlog
c:\srcw32\vs2017\engq\newcarena\debug\newcarena.tlog\rc.read.1.tlog
c:\srcw32\vs2017\engq\newcarena\debug\newcarena.tlog\rc.write.1.tlog
